  game.cpp
c:\users\mason\documents\visual studio 2017\projects\osu!cogsci\osu!cogsci\game.h(4): warning C4067: unexpected tokens following preprocessor directive - expected a newline
c:\users\mason\documents\visual studio 2017\projects\osu!cogsci\osu!cogsci\rectangle.h(31): warning C4244: 'return': conversion from 'float' to 'const int', possible loss of data
c:\users\mason\documents\visual studio 2017\projects\osu!cogsci\osu!cogsci\game.cpp(53): warning C4244: 'argument': conversion from 'const _Ty' to 'float', possible loss of data
          with
          [
              _Ty=int
          ]
c:\users\mason\documents\visual studio 2017\projects\osu!cogsci\osu!cogsci\game.cpp(61): warning C4244: 'argument': conversion from 'float' to 'int', possible loss of data
  graphics.cpp
c:\users\mason\documents\visual studio 2017\projects\osu!cogsci\osu!cogsci\graphics.cpp(7): warning C4244: 'argument': conversion from 'float' to 'int', possible loss of data
  Input.cpp
  main.cpp
c:\users\mason\documents\visual studio 2017\projects\osu!cogsci\osu!cogsci\game.h(4): warning C4067: unexpected tokens following preprocessor directive - expected a newline
c:\users\mason\documents\visual studio 2017\projects\osu!cogsci\osu!cogsci\rectangle.h(31): warning C4244: 'return': conversion from 'float' to 'const int', possible loss of data
  Sprite.cpp
c:\users\mason\documents\visual studio 2017\projects\osu!cogsci\osu!cogsci\rectangle.h(31): warning C4244: 'return': conversion from 'float' to 'const int', possible loss of data
c:\users\mason\documents\visual studio 2017\projects\osu!cogsci\osu!cogsci\sprite.cpp(26): warning C4244: 'argument': conversion from 'float' to 'int', possible loss of data
c:\users\mason\documents\visual studio 2017\projects\osu!cogsci\osu!cogsci\sprite.cpp(33): warning C4838: conversion from 'float' to 'int' requires a narrowing conversion
c:\users\mason\documents\visual studio 2017\projects\osu!cogsci\osu!cogsci\sprite.cpp(33): warning C4244: 'initializing': conversion from 'float' to 'int', possible loss of data
c:\users\mason\documents\visual studio 2017\projects\osu!cogsci\osu!cogsci\sprite.cpp(45): warning C4244: 'argument': conversion from 'float' to 'int', possible loss of data
  Generating Code...
  osu!cogsci.vcxproj -> C:\Users\Mason\Documents\Visual Studio 2017\Projects\osu!cogsci\x64\Debug\osu!cogsci.exe
